<?xml version="1.0" encoding="UTF-8"?>
<testng-results ignored="0" total="1" passed="1" failed="0" skipped="0">
  <reporter-output>
  </reporter-output>
  <suite started-at="2024-10-30T11:07:38 IST" name="Default suite" finished-at="2024-10-30T11:07:47 IST" duration-ms="8837">
    <groups>
    </groups>
    <test started-at="2024-10-30T11:07:38 IST" name="Default test" finished-at="2024-10-30T11:07:47 IST" duration-ms="8837">
      <class name="testScripts.LocatorTest">
        <test-method signature="f()[pri:0, instance:testScripts.LocatorTest@7e5afaa6]" started-at="2024-10-30T11:07:38 IST" name="f" finished-at="2024-10-30T11:07:47 IST" duration-ms="8741" status="PASS">
          <reporter-output>
          </reporter-output>
        </test-method> <!-- f -->
      </class> <!-- testScripts.LocatorTest -->
    </test> <!-- Default test -->
  </suite> <!-- Default suite -->
</testng-results>
